<?xml version="1.0" encoding="UTF-8"?>
<testng-results total="2" passed="2" failed="0" skipped="0">
  <reporter-output>
  </reporter-output>
  <suite started-at="2022-11-19T06:37:46Z" name="Default suite" finished-at="2022-11-19T06:37:51Z" duration-ms="4755">
    <groups>
    </groups>
    <test started-at="2022-11-19T06:37:46Z" name="Default test" finished-at="2022-11-19T06:37:51Z" duration-ms="4755">
      <class name="restassure.googlemaps_practice">
        <test-method signature="add()[pri:0, instance:restassure.googlemaps_practice@338c99c8]" started-at="2022-11-19T12:07:46Z" name="add" finished-at="2022-11-19T12:07:50Z" duration-ms="4450" status="PASS">
          <reporter-output>
          </reporter-output>
        </test-method> <!-- add -->
        <test-method signature="delete()[pri:0, instance:restassure.googlemaps_practice@338c99c8]" started-at="2022-11-19T12:07:50Z" name="delete" finished-at="2022-11-19T12:07:51Z" duration-ms="259" status="PASS">
          <reporter-output>
          </reporter-output>
        </test-method> <!-- delete -->
      </class> <!-- restassure.googlemaps_practice -->
    </test> <!-- Default test -->
  </suite> <!-- Default suite -->
</testng-results>
